<?xml version="1.0" encoding="UTF-8"?>
<testng-results skipped="0" failed="0" ignored="0" total="1" passed="1">
  <reporter-output>
  </reporter-output>
  <suite name="Suite" duration-ms="23565" started-at="2018-09-13T07:00:28Z" finished-at="2018-09-13T07:00:51Z">
    <groups>
    </groups>
    <test name="Test" duration-ms="23565" started-at="2018-09-13T07:00:28Z" finished-at="2018-09-13T07:00:51Z">
      <class name="JenkinsDemo.Jenkinsdemo">
        <test-method status="PASS" signature="jenkinsDemo()[pri:0, instance:JenkinsDemo.Jenkinsdemo@74650e52]" name="jenkinsDemo" duration-ms="23534" started-at="2018-09-13T07:00:28Z" finished-at="2018-09-13T07:00:51Z">
          <reporter-output>
          </reporter-output>
        </test-method> <!-- jenkinsDemo -->
      </class> <!-- JenkinsDemo.Jenkinsdemo -->
    </test> <!-- Test -->
  </suite> <!-- Suite -->
</testng-results>
