<?xml version="1.0" encoding="UTF-8"?>
<testng-results skipped="0" failed="0" ignored="0" total="1" passed="1">
  <reporter-output>
  </reporter-output>
  <suite name="Suite" duration-ms="9315" started-at="2018-09-12T13:29:09Z" finished-at="2018-09-12T13:29:18Z">
    <groups>
    </groups>
    <test name="Test" duration-ms="9315" started-at="2018-09-12T13:29:09Z" finished-at="2018-09-12T13:29:18Z">
      <class name="JenkinsDemo.Jenkinsdemo">
        <test-method status="PASS" signature="jenkinsDemo()[pri:0, instance:JenkinsDemo.Jenkinsdemo@9629756]" name="jenkinsDemo" duration-ms="9302" started-at="2018-09-12T13:29:09Z" finished-at="2018-09-12T13:29:18Z">
          <reporter-output>
          </reporter-output>
        </test-method> <!-- jenkinsDemo -->
      </class> <!-- JenkinsDemo.Jenkinsdemo -->
    </test> <!-- Test -->
  </suite> <!-- Suite -->
</testng-results>
